TN:
SF:src/stack.js
FN:2,Stack
FN:6,size
FN:10,push
FN:14,pop
FN:20,peek
FNF:5
FNH:5
FNDA:5,Stack
FNDA:4,size
FNDA:4,push
FNDA:4,pop
FNDA:2,peek
DA:1,1
DA:2,1
DA:3,5
DA:4,5
DA:5,1
DA:6,1
DA:7,4
DA:8,4
DA:9,1
DA:10,1
DA:11,4
DA:12,4
DA:13,1
DA:14,1
DA:15,4
DA:16,4
DA:17,1
DA:18,1
DA:19,1
DA:20,1
DA:21,2
DA:22,2
DA:23,1
DA:24,1
DA:25,1
DA:26,1
DA:27,1
LF:27
LH:27
BRDA:2,0,0,5
BRDA:6,1,0,4
BRDA:10,2,0,4
BRDA:14,3,0,4
BRDA:16,4,0,3
BRDA:16,5,0,1
BRDA:20,6,0,2
BRDA:22,7,0,1
BRF:8
BRH:8
end_of_record
